[debug] [2026-07-01T23:25:15.117Z] ----------------------------------------------------------------------
[debug] [2026-07-01T23:25:15.134Z] Command:       C:\Program Files\nodejs\node.exe C:\Users\Vetle\AppData\Roaming\npm\node_modules\firebase-tools\lib\bin\firebase.js deploy --only functions
[debug] [2026-07-01T23:25:15.135Z] CLI Version:   15.16.0
[debug] [2026-07-01T23:25:15.135Z] Platform:      win32
[debug] [2026-07-01T23:25:15.136Z] Node Version:  v24.15.0
[debug] [2026-07-01T23:25:15.136Z] Time:          Thu Jul 02 2026 01:25:15 GMT+0200 (sentraleuropeisk sommertid)
[debug] [2026-07-01T23:25:15.136Z] ----------------------------------------------------------------------
[debug] 
[debug] [2026-07-01T23:25:31.024Z] > command requires scopes: ["email","openid","https://www.googleapis.com/auth/cloudplatformprojects.readonly","https://www.googleapis.com/auth/firebase","https://www.googleapis.com/auth/cloud-platform"]
[debug] [2026-07-01T23:25:31.024Z] > authorizing via signed-in user (vetlemakt@gmail.com)
[debug] [2026-07-01T23:25:31.024Z] [iam] checking project vm-tipping-2026 for permissions ["cloudfunctions.functions.create","cloudfunctions.functions.delete","cloudfunctions.functions.get","cloudfunctions.functions.list","cloudfunctions.functions.update","cloudfunctions.operations.get","firebase.projects.get"]
[debug] [2026-07-01T23:25:31.027Z] Checked if tokens are valid: false, expires at: 1782930043217
[debug] [2026-07-01T23:25:31.027Z] Checked if tokens are valid: false, expires at: 1782930043217
[debug] [2026-07-01T23:25:31.028Z] > refreshing access token with scopes: []
[debug] [2026-07-01T23:25:31.032Z] >>> [apiv2][query] POST https://www.googleapis.com/oauth2/v3/token [none]
[debug] [2026-07-01T23:25:31.032Z] >>> [apiv2][body] POST https://www.googleapis.com/oauth2/v3/token [omitted]
[debug] [2026-07-01T23:25:31.404Z] <<< [apiv2][status] POST https://www.googleapis.com/oauth2/v3/token 200
[debug] [2026-07-01T23:25:31.405Z] <<< [apiv2][body] POST https://www.googleapis.com/oauth2/v3/token [omitted]
[debug] [2026-07-01T23:25:31.489Z] >>> [apiv2][query] POST https://cloudresourcemanager.googleapis.com/v1/projects/vm-tipping-2026:testIamPermissions [none]
[debug] [2026-07-01T23:25:31.490Z] >>> [apiv2][(partial)header] POST https://cloudresourcemanager.googleapis.com/v1/projects/vm-tipping-2026:testIamPermissions  x-goog-user-project=vm-tipping-2026
[debug] [2026-07-01T23:25:31.491Z] >>> [apiv2][body] POST https://cloudresourcemanager.googleapis.com/v1/projects/vm-tipping-2026:testIamPermissions {"permissions":["cloudfunctions.functions.create","cloudfunctions.functions.delete","cloudfunctions.functions.get","cloudfunctions.functions.list","cloudfunctions.functions.update","cloudfunctions.operations.get","firebase.projects.get"]}
[debug] [2026-07-01T23:25:31.951Z] <<< [apiv2][status] POST https://cloudresourcemanager.googleapis.com/v1/projects/vm-tipping-2026:testIamPermissions 200
[debug] [2026-07-01T23:25:31.952Z] <<< [apiv2][body] POST https://cloudresourcemanager.googleapis.com/v1/projects/vm-tipping-2026:testIamPermissions {"permissions":["cloudfunctions.functions.create","cloudfunctions.functions.delete","cloudfunctions.functions.get","cloudfunctions.functions.list","cloudfunctions.functions.update","cloudfunctions.operations.get","firebase.projects.get"]}
[debug] [2026-07-01T23:25:31.954Z] Checked if tokens are valid: true, expires at: 1782951930406
[debug] [2026-07-01T23:25:31.954Z] Checked if tokens are valid: true, expires at: 1782951930406
[debug] [2026-07-01T23:25:31.955Z] >>> [apiv2][query] POST https://iam.googleapis.com/v1/projects/vm-tipping-2026/serviceAccounts/vm-tipping-2026@appspot.gserviceaccount.com:testIamPermissions [none]
[debug] [2026-07-01T23:25:31.956Z] >>> [apiv2][body] POST https://iam.googleapis.com/v1/projects/vm-tipping-2026/serviceAccounts/vm-tipping-2026@appspot.gserviceaccount.com:testIamPermissions {"permissions":["iam.serviceAccounts.actAs"]}
[debug] [2026-07-01T23:25:32.776Z] <<< [apiv2][status] POST https://iam.googleapis.com/v1/projects/vm-tipping-2026/serviceAccounts/vm-tipping-2026@appspot.gserviceaccount.com:testIamPermissions 200
[debug] [2026-07-01T23:25:32.776Z] <<< [apiv2][body] POST https://iam.googleapis.com/v1/projects/vm-tipping-2026/serviceAccounts/vm-tipping-2026@appspot.gserviceaccount.com:testIamPermissions {"permissions":["iam.serviceAccounts.actAs"]}
[info] 
[info] === Deploying to 'vm-tipping-2026'...
[info] 
[info] i  deploying functions 
[debug] [2026-07-01T23:25:32.794Z] Checked if tokens are valid: true, expires at: 1782951930406
[debug] [2026-07-01T23:25:32.795Z] Checked if tokens are valid: true, expires at: 1782951930406
[debug] [2026-07-01T23:25:32.795Z] >>> [apiv2][query] GET https://cloudresourcemanager.googleapis.com/v1/projects/vm-tipping-2026 [none]
[debug] [2026-07-01T23:25:33.001Z] <<< [apiv2][status] GET https://cloudresourcemanager.googleapis.com/v1/projects/vm-tipping-2026 200
[debug] [2026-07-01T23:25:33.001Z] <<< [apiv2][body] GET https://cloudresourcemanager.googleapis.com/v1/projects/vm-tipping-2026 {"projectNumber":"1060307731188","projectId":"vm-tipping-2026","lifecycleState":"ACTIVE","name":"Vm-tipping 2026","labels":{"firebase":"enabled","firebase-core":"disabled"},"createTime":"2026-04-20T11:35:10.101Z"}
[info] i  functions: preparing codebase default for deployment 
[info] i  functions: ensuring required API cloudfunctions.googleapis.com is enabled... 
[info] i  functions: ensuring required API cloudbuild.googleapis.com is enabled... 
[info] i  artifactregistry: ensuring required API artifactregistry.googleapis.com is enabled... 
[debug] [2026-07-01T23:25:33.010Z] Checked if tokens are valid: true, expires at: 1782951930406
[debug] [2026-07-01T23:25:33.010Z] Checked if tokens are valid: true, expires at: 1782951930406
[debug] [2026-07-01T23:25:33.011Z] >>> [apiv2][query] GET https://firebase.googleapis.com/v1beta1/projects/vm-tipping-2026/adminSdkConfig [none]
[debug] [2026-07-01T23:25:33.536Z] <<< [apiv2][status] GET https://firebase.googleapis.com/v1beta1/projects/vm-tipping-2026/adminSdkConfig 200
[debug] [2026-07-01T23:25:33.536Z] <<< [apiv2][body] GET https://firebase.googleapis.com/v1beta1/projects/vm-tipping-2026/adminSdkConfig {"projectId":"vm-tipping-2026","storageBucket":"vm-tipping-2026.firebasestorage.app"}
[debug] [2026-07-01T23:25:33.559Z] Validating nodejs source
[warn] !  functions: Runtime Node.js 20 was deprecated on 2026-04-30 and will be decommissioned on 2026-10-30, after which you will not be able to deploy without upgrading. Consider upgrading now to avoid disruption. See https://cloud.google.com/functions/docs/runtime-support for full details on the lifecycle policy 
[warn] !  functions: package.json indicates an outdated version of firebase-functions. Please upgrade using npm install --save firebase-functions@latest in your functions directory. 
[warn] !  functions: Please note that there will be breaking changes when you upgrade. 
[debug] [2026-07-01T23:25:36.482Z] > [functions] package.json contents: {
  "name": "vm-tipping-functions",
  "description": "Cloud Functions for VM-tipping 2026",
  "scripts": {
    "serve": "firebase emulators:start --only functions",
    "deploy": "firebase deploy --only functions",
    "logs": "firebase functions:log"
  },
  "engines": {
    "node": "20"
  },
  "main": "index.js",
  "dependencies": {
    "firebase-admin": "^12.0.0",
    "firebase-functions": "^5.0.0"
  },
  "devDependencies": {
    "firebase-tools": "^13.0.0"
  }
}
[debug] [2026-07-01T23:25:36.483Z] Building nodejs source
[info] i  functions: Loading and analyzing source code for codebase default to determine what to deploy 
[debug] [2026-07-01T23:25:36.484Z] Could not find functions.yaml. Must use http discovery
[debug] [2026-07-01T23:25:36.499Z] Found firebase-functions binary at 'C:\Users\Vetle\vm-tipping\functions\node_modules\.bin\firebase-functions'
